<?xml version="1.0" encoding="UTF-8"?>
<testng-results ignored="0" total="1" passed="1" failed="0" skipped="0">
  <reporter-output>
  </reporter-output>
  <suite started-at="2023-11-23T21:23:30 IST" name="Default suite" finished-at="2023-11-23T21:25:22 IST" duration-ms="111617">
    <groups>
    </groups>
    <test started-at="2023-11-23T21:23:30 IST" name="Default test" finished-at="2023-11-23T21:25:22 IST" duration-ms="111617">
      <class name="testpkg.test1">
        <test-method is-config="true" signature="setUp()[pri:0, instance:testpkg.test1@54c5a2ff]" started-at="2023-11-23T21:23:30 IST" name="setUp" finished-at="2023-11-23T21:23:50 IST" duration-ms="19565" status="PASS">
          <reporter-output>
          </reporter-output>
        </test-method> <!-- setUp -->
        <test-method signature="test()[pri:0, instance:testpkg.test1@54c5a2ff]" started-at="2023-11-23T21:23:50 IST" name="test" finished-at="2023-11-23T21:25:22 IST" duration-ms="91972" status="PASS">
          <reporter-output>
          </reporter-output>
        </test-method> <!-- test -->
      </class> <!-- testpkg.test1 -->
    </test> <!-- Default test -->
  </suite> <!-- Default suite -->
</testng-results>
